Info: Nothing to build for test1
Info: Nothing to build for test1
Info: Nothing to build for test1
17:33:29 **** Incremental Build of configuration Debug for project test1 ****
Info: Internal Builder is used for build
gcc -ansi -std=c89 -O0 -g3 -Wall -c -fmessage-length=0 -o main.o "..\\main.c" 
..\main.c:15:6: warning: return type of 'main' is not 'int' [-Wmain]
 void main() {
      ^~~~
..\main.c: In function 'main':
..\main.c:28:12: warning: format '%d' expects argument of type 'int *', but argument 2 has type 'int' [-Wformat=]
    scanf("%d",y[i][j]);
            ^
..\main.c:36:12: warning: format '%d' expects argument of type 'int *', but argument 2 has type 'int' [-Wformat=]
    scanf("%d",x[i][j]);
            ^
..\main.c:39:9: warning: 'return' with a value, in function returning void
  return 0;
         ^
..\main.c:15:6: note: declared here
 void main() {
      ^~~~
..\main.c: In function 'matrix_sum':
..\main.c:49:9: warning: 'return' with a value, in function returning void
  return 0;
         ^
..\main.c:41:6: note: declared here
 void matrix_sum(){
      ^~~~~~~~~~
gcc -ansi -std=c89 -o test1.exe main.o 
c:/mingw/bin/../lib/gcc/mingw32/6.3.0/../../../../mingw32/bin/ld.exe: cannot open output file test1.exe: Permission denied
collect2.exe: error: ld returned 1 exit status
17:33:46 **** Incremental Build of configuration Debug for project test1 ****
Info: Internal Builder is used for build
gcc -ansi -std=c89 -o test1.exe main.o 
Info: Nothing to build for test1
Info: Nothing to build for test1
Info: Nothing to build for test1
17:34:43 **** Incremental Build of configuration Debug for project test1 ****
Info: Internal Builder is used for build
gcc -ansi -std=c89 -O0 -g3 -Wall -c -fmessage-length=0 -o main.o "..\\main.c" 
..\main.c:15:6: warning: return type of 'main' is not 'int' [-Wmain]
 void main() {
      ^~~~
..\main.c: In function 'main':
..\main.c:28:12: warning: format '%d' expects argument of type 'int *', but argument 2 has type 'int' [-Wformat=]
    scanf("%d",y[i][j]);
            ^
..\main.c:36:12: warning: format '%d' expects argument of type 'int *', but argument 2 has type 'int' [-Wformat=]
    scanf("%d",x[i][j]);
            ^
..\main.c:39:9: warning: 'return' with a value, in function returning void
  return 0;
         ^
..\main.c:15:6: note: declared here
 void main() {
      ^~~~
..\main.c: In function 'matrix_sum':
..\main.c:49:9: warning: 'return' with a value, in function returning void
  return 0;
         ^
..\main.c:41:6: note: declared here
 void matrix_sum(){
      ^~~~~~~~~~
gcc -ansi -std=c89 -o test1.exe main.o 
c:/mingw/bin/../lib/gcc/mingw32/6.3.0/../../../../mingw32/bin/ld.exe: cannot open output file test1.exe: Permission denied
collect2.exe: error: ld returned 1 exit status
17:34:50 **** Incremental Build of configuration Debug for project test1 ****
Info: Internal Builder is used for build
gcc -ansi -std=c89 -o test1.exe main.o 
Info: Nothing to build for test1
Info: Nothing to build for test1
Info: Nothing to build for test1
Info: Nothing to build for test1
Info: Nothing to build for test1
17:36:17 **** Incremental Build of configuration Debug for project test1 ****
Info: Internal Builder is used for build
gcc -ansi -std=c89 -O0 -g3 -Wall -c -fmessage-length=0 -o main.o "..\\main.c" 
..\main.c:15:6: warning: return type of 'main' is not 'int' [-Wmain]
 void main() {
      ^~~~
..\main.c: In function 'main':
..\main.c:21:1: warning: "/*" within comment [-Wcomment]
 /*   scanf("%d",x[i][j]);
  
..\main.c:39:9: warning: 'return' with a value, in function returning void
  return 0;
         ^
..\main.c:15:6: note: declared here
 void main() {
      ^~~~
..\main.c:16:9: warning: unused variable 'j' [-Wunused-variable]
  int i, j;
         ^
..\main.c:16:6: warning: unused variable 'i' [-Wunused-variable]
  int i, j;
      ^
..\main.c: In function 'matrix_sum':
..\main.c:49:9: warning: 'return' with a value, in function returning void
  return 0;
         ^
..\main.c:41:6: note: declared here
 void matrix_sum(){
      ^~~~~~~~~~
gcc -ansi -std=c89 -o test1.exe main.o 
Info: Nothing to build for test1
17:36:42 **** Incremental Build of configuration Debug for project test1 ****
Info: Internal Builder is used for build
gcc -ansi -std=c89 -O0 -g3 -Wall -c -fmessage-length=0 -o main.o "..\\main.c" 
..\main.c:15:6: warning: return type of 'main' is not 'int' [-Wmain]
 void main() {
      ^~~~
..\main.c: In function 'main':
..\main.c:21:12: warning: format '%d' expects argument of type 'int *', but argument 2 has type 'int' [-Wformat=]
    scanf("%d",x[i][j]);
            ^
..\main.c:40:9: warning: 'return' with a value, in function returning void
  return 0;
         ^
..\main.c:15:6: note: declared here
 void main() {
      ^~~~
..\main.c: In function 'matrix_sum':
..\main.c:50:9: warning: 'return' with a value, in function returning void
  return 0;
         ^
..\main.c:42:6: note: declared here
 void matrix_sum(){
      ^~~~~~~~~~
gcc -ansi -std=c89 -o test1.exe main.o 
Info: Nothing to build for test1
17:37:07 **** Incremental Build of configuration Debug for project test1 ****
Info: Internal Builder is used for build
gcc -ansi -std=c89 -O0 -g3 -Wall -c -fmessage-length=0 -o main.o "..\\main.c" 
..\main.c:15:6: warning: return type of 'main' is not 'int' [-Wmain]
 void main() {
      ^~~~
..\main.c: In function 'main':
..\main.c:40:9: warning: 'return' with a value, in function returning void
  return 0;
         ^
..\main.c:15:6: note: declared here
 void main() {
      ^~~~
..\main.c: In function 'matrix_sum':
..\main.c:50:9: warning: 'return' with a value, in function returning void
  return 0;
         ^
..\main.c:42:6: note: declared here
 void matrix_sum(){
      ^~~~~~~~~~
gcc -ansi -std=c89 -o test1.exe main.o 
Info: Nothing to build for test1
17:37:17 **** Incremental Build of configuration Debug for project test1 ****
Info: Internal Builder is used for build
gcc -ansi -std=c89 -O0 -g3 -Wall -c -fmessage-length=0 -o main.o "..\\main.c" 
..\main.c:15:6: warning: return type of 'main' is not 'int' [-Wmain]
 void main() {
      ^~~~
..\main.c: In function 'main':
..\main.c:40:9: warning: 'return' with a value, in function returning void
  return 0;
         ^
..\main.c:15:6: note: declared here
 void main() {
      ^~~~
..\main.c: In function 'matrix_sum':
..\main.c:50:9: warning: 'return' with a value, in function returning void
  return 0;
         ^
..\main.c:42:6: note: declared here
 void matrix_sum(){
      ^~~~~~~~~~
gcc -ansi -std=c89 -o test1.exe main.o 
Info: Nothing to build for test1
17:37:50 **** Incremental Build of configuration Debug for project test1 ****
Info: Internal Builder is used for build
gcc -ansi -std=c89 -O0 -g3 -Wall -c -fmessage-length=0 -o main.o "..\\main.c" 
..\main.c:15:6: warning: return type of 'main' is not 'int' [-Wmain]
 void main() {
      ^~~~
..\main.c: In function 'main':
..\main.c:40:9: warning: 'return' with a value, in function returning void
  return 0;
         ^
..\main.c:15:6: note: declared here
 void main() {
      ^~~~
..\main.c: In function 'matrix_sum':
..\main.c:50:9: warning: 'return' with a value, in function returning void
  return 0;
         ^
..\main.c:42:6: note: declared here
 void matrix_sum(){
      ^~~~~~~~~~
gcc -ansi -std=c89 -o test1.exe main.o 
Info: Nothing to build for test1
Info: Nothing to build for test1
17:41:17 **** Incremental Build of configuration Debug for project test1 ****
Info: Internal Builder is used for build
gcc -ansi -std=c89 -O0 -g3 -Wall -c -fmessage-length=0 -o main.o "..\\main.c" 
..\main.c:15:6: warning: return type of 'main' is not 'int' [-Wmain]
 void main() {
      ^~~~
..\main.c: In function 'main':
..\main.c:41:9: warning: 'return' with a value, in function returning void
  return 0;
         ^
..\main.c:15:6: note: declared here
 void main() {
      ^~~~
..\main.c: In function 'matrix_sum':
..\main.c:51:9: warning: 'return' with a value, in function returning void
  return 0;
         ^
..\main.c:43:6: note: declared here
 void matrix_sum(){
      ^~~~~~~~~~
gcc -ansi -std=c89 -o test1.exe main.o 
Info: Nothing to build for test1
17:42:15 **** Incremental Build of configuration Debug for project test1 ****
Info: Internal Builder is used for build
gcc -ansi -std=c89 -O0 -g3 -Wall -c -fmessage-length=0 -o main.o "..\\main.c" 
..\main.c:15:6: warning: return type of 'main' is not 'int' [-Wmain]
 void main() {
      ^~~~
..\main.c: In function 'main':
..\main.c:31:12: warning: format '%d' expects argument of type 'int *', but argument 2 has type 'int' [-Wformat=]
    scanf("%d",y[i][j]);
            ^
..\main.c:40:12: warning: format '%d' expects argument of type 'int *', but argument 2 has type 'int' [-Wformat=]
    scanf("%d",x[i][j]);
            ^
..\main.c:43:9: warning: 'return' with a value, in function returning void
  return 0;
         ^
..\main.c:15:6: note: declared here
 void main() {
      ^~~~
..\main.c: In function 'matrix_sum':
..\main.c:53:9: warning: 'return' with a value, in function returning void
  return 0;
         ^
..\main.c:45:6: note: declared here
 void matrix_sum(){
      ^~~~~~~~~~
gcc -ansi -std=c89 -o test1.exe main.o 
Info: Nothing to build for test1
17:43:03 **** Incremental Build of configuration Debug for project test1 ****
Info: Internal Builder is used for build
gcc -ansi -std=c89 -O0 -g3 -Wall -c -fmessage-length=0 -o main.o "..\\main.c" 
..\main.c:15:6: warning: return type of 'main' is not 'int' [-Wmain]
 void main() {
      ^~~~
..\main.c: In function 'main':
..\main.c:33:12: warning: format '%d' expects argument of type 'int *', but argument 2 has type 'int' [-Wformat=]
    scanf("%d",y[i][j]);
            ^
..\main.c:43:12: warning: format '%d' expects argument of type 'int *', but argument 2 has type 'int' [-Wformat=]
    scanf("%d",x[i][j]);
            ^
..\main.c:46:9: warning: 'return' with a value, in function returning void
  return 0;
         ^
..\main.c:15:6: note: declared here
 void main() {
      ^~~~
..\main.c: In function 'matrix_sum':
..\main.c:56:9: warning: 'return' with a value, in function returning void
  return 0;
         ^
..\main.c:48:6: note: declared here
 void matrix_sum(){
      ^~~~~~~~~~
gcc -ansi -std=c89 -o test1.exe main.o 
Info: Nothing to build for test1
17:43:39 **** Incremental Build of configuration Debug for project test1 ****
Info: Internal Builder is used for build
gcc -ansi -std=c89 -O0 -g3 -Wall -c -fmessage-length=0 -o main.o "..\\main.c" 
..\main.c:15:6: warning: return type of 'main' is not 'int' [-Wmain]
 void main() {
      ^~~~
..\main.c: In function 'main':
..\main.c:43:12: warning: format '%d' expects argument of type 'int *', but argument 2 has type 'int' [-Wformat=]
    scanf("%d",x[i][j]);
            ^
..\main.c:46:9: warning: 'return' with a value, in function returning void
  return 0;
         ^
..\main.c:15:6: note: declared here
 void main() {
      ^~~~
..\main.c: In function 'matrix_sum':
..\main.c:56:9: warning: 'return' with a value, in function returning void
  return 0;
         ^
..\main.c:48:6: note: declared here
 void matrix_sum(){
      ^~~~~~~~~~
gcc -ansi -std=c89 -o test1.exe main.o 
Info: Nothing to build for test1
17:47:03 **** Incremental Build of configuration Debug for project test1 ****
Info: Internal Builder is used for build
gcc -ansi -std=c89 -O0 -g3 -Wall -c -fmessage-length=0 -o main.o "..\\main.c" 
..\main.c:15:6: warning: return type of 'main' is not 'int' [-Wmain]
 void main() {
      ^~~~
..\main.c: In function 'main':
..\main.c:47:9: warning: 'return' with a value, in function returning void
  return 0;
         ^
..\main.c:15:6: note: declared here
 void main() {
      ^~~~
..\main.c: In function 'matrix_sum':
..\main.c:57:9: warning: 'return' with a value, in function returning void
  return 0;
         ^
..\main.c:49:6: note: declared here
 void matrix_sum(){
      ^~~~~~~~~~
gcc -ansi -std=c89 -o test1.exe main.o 
Info: Nothing to build for test1
Info: Nothing to build for test1
17:47:40 **** Incremental Build of configuration Debug for project test1 ****
Info: Internal Builder is used for build
gcc -ansi -std=c89 -O0 -g3 -Wall -c -fmessage-length=0 -o main.o "..\\main.c" 
..\main.c:15:6: warning: return type of 'main' is not 'int' [-Wmain]
 void main() {
      ^~~~
..\main.c: In function 'main':
..\main.c:23:12: warning: format '%d' expects argument of type 'int *', but argument 2 has type 'float *' [-Wformat=]
    scanf("%d", &x[i][j]);
            ^
..\main.c:33:12: warning: format '%d' expects argument of type 'int *', but argument 2 has type 'float *' [-Wformat=]
    scanf("%d", &y[i][j]);
            ^
..\main.c:47:9: warning: 'return' with a value, in function returning void
  return 0;
         ^
..\main.c:15:6: note: declared here
 void main() {
      ^~~~
..\main.c: In function 'matrix_sum':
..\main.c:57:9: warning: 'return' with a value, in function returning void
  return 0;
         ^
..\main.c:49:6: note: declared here
 void matrix_sum(){
      ^~~~~~~~~~
gcc -ansi -std=c89 -o test1.exe main.o 
Info: Nothing to build for test1
17:48:40 **** Incremental Build of configuration Debug for project test1 ****
Info: Internal Builder is used for build
gcc -ansi -std=c89 -O0 -g3 -Wall -c -fmessage-length=0 -o main.o "..\\main.c" 
..\main.c:15:6: warning: return type of 'main' is not 'int' [-Wmain]
 void main() {
      ^~~~
..\main.c: In function 'main':
..\main.c:47:9: warning: 'return' with a value, in function returning void
  return 0;
         ^
..\main.c:15:6: note: declared here
 void main() {
      ^~~~
..\main.c: In function 'matrix_sum':
..\main.c:57:9: warning: 'return' with a value, in function returning void
  return 0;
         ^
..\main.c:49:6: note: declared here
 void matrix_sum(){
      ^~~~~~~~~~
gcc -ansi -std=c89 -o test1.exe main.o 
Info: Nothing to build for test1
17:49:17 **** Incremental Build of configuration Debug for project test1 ****
Info: Internal Builder is used for build
gcc -ansi -std=c89 -O0 -g3 -Wall -c -fmessage-length=0 -o main.o "..\\main.c" 
..\main.c:15:6: warning: return type of 'main' is not 'int' [-Wmain]
 void main() {
      ^~~~
..\main.c: In function 'main':
..\main.c:47:9: warning: 'return' with a value, in function returning void
  return 0;
         ^
..\main.c:15:6: note: declared here
 void main() {
      ^~~~
..\main.c: In function 'matrix_sum':
..\main.c:57:9: warning: 'return' with a value, in function returning void
  return 0;
         ^
..\main.c:49:6: note: declared here
 void matrix_sum(){
      ^~~~~~~~~~
gcc -ansi -std=c89 -o test1.exe main.o 
c:/mingw/bin/../lib/gcc/mingw32/6.3.0/../../../../mingw32/bin/ld.exe: cannot open output file test1.exe: Permission denied
collect2.exe: error: ld returned 1 exit status
17:49:25 **** Incremental Build of configuration Debug for project test1 ****
Info: Internal Builder is used for build
gcc -ansi -std=c89 -o test1.exe main.o 
Info: Nothing to build for test1
17:50:21 **** Incremental Build of configuration Debug for project test1 ****
Info: Internal Builder is used for build
gcc -ansi -std=c89 -O0 -g3 -Wall -c -fmessage-length=0 -o main.o "..\\main.c" 
..\main.c:15:6: warning: return type of 'main' is not 'int' [-Wmain]
 void main() {
      ^~~~
..\main.c: In function 'main':
..\main.c:47:9: warning: 'return' with a value, in function returning void
  return 0;
         ^
..\main.c:15:6: note: declared here
 void main() {
      ^~~~
..\main.c: In function 'matrix_sum':
..\main.c:57:9: warning: 'return' with a value, in function returning void
  return 0;
         ^
..\main.c:49:6: note: declared here
 void matrix_sum(){
      ^~~~~~~~~~
gcc -ansi -std=c89 -o test1.exe main.o 
Info: Nothing to build for test1
Info: Nothing to build for test1
